  main.cpp
d:\учеба\курсач\project1\project1\main.cpp(21): warning C4244: аргумент: преобразование "time_t" в "unsigned int", возможна потеря данных
d:\учеба\курсач\project1\project1\main.cpp(233): warning C4244: =: преобразование "double" в "float", возможна потеря данных
d:\учеба\курсач\project1\project1\main.cpp(234): warning C4244: =: преобразование "double" в "float", возможна потеря данных
d:\учеба\курсач\project1\project1\main.cpp(235): warning C4244: =: преобразование "double" в "float", возможна потеря данных
d:\учеба\курсач\project1\project1\main.cpp(236): warning C4244: =: преобразование "double" в "float", возможна потеря данных
d:\учеба\курсач\project1\project1\main.cpp(237): warning C4244: =: преобразование "double" в "float", возможна потеря данных
d:\учеба\курсач\project1\project1\main.cpp(238): warning C4244: =: преобразование "double" в "float", возможна потеря данных
d:\учеба\курсач\project1\project1\main.cpp(239): warning C4244: =: преобразование "double" в "float", возможна потеря данных
d:\учеба\курсач\project1\project1\main.cpp(240): warning C4244: =: преобразование "double" в "float", возможна потеря данных
d:\учеба\курсач\project1\project1\main.cpp(241): warning C4244: =: преобразование "double" в "float", возможна потеря данных
d:\учеба\курсач\project1\project1\main.cpp(242): warning C4244: =: преобразование "double" в "float", возможна потеря данных
d:\учеба\курсач\project1\project1\main.cpp(243): warning C4244: =: преобразование "double" в "float", возможна потеря данных
d:\учеба\курсач\project1\project1\main.cpp(244): warning C4244: =: преобразование "double" в "float", возможна потеря данных
d:\учеба\курсач\project1\project1\main.cpp(245): warning C4244: =: преобразование "double" в "float", возможна потеря данных
d:\учеба\курсач\project1\project1\main.cpp(246): warning C4244: =: преобразование "double" в "float", возможна потеря данных
d:\учеба\курсач\project1\project1\main.cpp(247): warning C4244: =: преобразование "double" в "float", возможна потеря данных
d:\учеба\курсач\project1\project1\main.cpp(248): warning C4244: =: преобразование "double" в "float", возможна потеря данных
d:\учеба\курсач\project1\project1\main.cpp(347): warning C4244: аргумент: преобразование "int" в "float", возможна потеря данных
d:\учеба\курсач\project1\project1\main.cpp(268): warning C4715: proverkabukvi: значение возвращается не при всех путях выполнения
  Project1.vcxproj -> D:\Учеба\Курсач\Project1\Debug\Project1.exe
